<?xml version="1.0" encoding="UTF-8"?>
<!-- Generated by org.testng.reporters.JUnitReportReporter -->
<<<<<<< HEAD
<testsuite skipped="0" hostname="DESKTOP-09BQVI6" name="com.dyt.ors.regression.AdminProducts" tests="1" failures="0" timestamp="08 Jul 2020 17:13:22 GMT" time="23.303" errors="0">
  <testcase name="TC001_verifymainmenu" time="23.303" classname="com.dyt.ors.regression.AdminProducts"/>
=======
<testsuite skipped="0" hostname="DESKTOP-39SP5BP" name="com.dyt.ors.regression.AdminProducts" tests="4" failures="0" timestamp="2020-07-08T19:21:54 IST" time="352.214" errors="0">
  <testcase name="TC001_addMainCategory" time="136.048" classname="com.dyt.ors.regression.AdminProducts"/>
  <system-out/>
  <testcase name="TC004_EditProductDetails" time="65.749" classname="com.dyt.ors.regression.AdminProducts"/>
  <system-out/>
  <testcase name="TC002_addSubCategory" time="82.148" classname="com.dyt.ors.regression.AdminProducts"/>
  <system-out/>
  <testcase name="TC003_addProduct" time="68.269" classname="com.dyt.ors.regression.AdminProducts"/>
  <system-out/>
>>>>>>> branch 'master' of https://github.com/Developyoutechnologies/Automation_2020.git
</testsuite> <!-- com.dyt.ors.regression.AdminProducts -->
