<?xml version="1.0" encoding="UTF-8"?>
<!-- Generated by org.testng.reporters.JUnitReportReporter -->
<testsuite skipped="0" hostname="DESKTOP-09BQVI6" name="com.dyt.ors.regression.AdminProducts" tests="1" failures="0" timestamp="09 Jul 2020 14:02:48 GMT" time="42.857" errors="0">
  <testcase name="TC003_Login" time="42.857" classname="com.dyt.ors.regression.AdminProducts"/>
</testsuite> <!-- com.dyt.ors.regression.AdminProducts -->
