<?xml version="1.0" encoding="UTF-8"?>
<!-- Generated by org.testng.reporters.JUnitReportReporter -->
<testsuite skipped="0" hostname="DESKTOP-09BQVI6" name="com.dyt.ors.smoke.Verify" tests="1" failures="0" timestamp="08 Jul 2020 11:13:34 GMT" time="76.581" errors="0">
  <testcase name="TC004_addMainCategory" time="76.581" classname="com.dyt.ors.smoke.Verify"/>
</testsuite> <!-- com.dyt.ors.smoke.Verify -->
