<?xml version="1.0" encoding="UTF-8"?>
<!-- Generated by org.testng.reporters.JUnitReportReporter -->
<testsuite skipped="0" hostname="DESKTOP-09BQVI6" name="com.dyt.ors.smoke.Verify" tests="1" failures="0" timestamp="13 Jul 2020 06:49:13 GMT" time="27.673" errors="0">
  <testcase name="TC0019_Logout" time="27.673" classname="com.dyt.ors.smoke.Verify"/>
</testsuite> <!-- com.dyt.ors.smoke.Verify -->
