<?xml version="1.0" encoding="UTF-8"?>
<!-- Generated by org.testng.reporters.JUnitReportReporter -->
<testsuite skipped="0" hostname="DESKTOP-09BQVI6" name="com.dyt.ors.regression.AdminProducts" tests="1" failures="0" timestamp="09 Jul 2020 06:23:17 GMT" time="34.064" errors="0">
  <testcase name="TC001_verifymainmenu" time="34.064" classname="com.dyt.ors.regression.AdminProducts"/>
</testsuite> <!-- com.dyt.ors.regression.AdminProducts -->
