<?xml version="1.0" encoding="UTF-8"?>
<!-- Generated by org.testng.reporters.JUnitReportReporter -->
<testsuite skipped="0" hostname="DESKTOP-09BQVI6" name="com.dyt.ors.regression.AdminProducts" tests="1" failures="0" timestamp="10 Jul 2020 13:46:29 GMT" time="53.242" errors="0">
  <testcase name="TC003_addProduct" time="53.242" classname="com.dyt.ors.regression.AdminProducts"/>
</testsuite> <!-- com.dyt.ors.regression.AdminProducts -->
